BEGIN;
BEGIN
create or replace view revenue4 (supplier_no, total_revenue) as
	select
		l_suppkey,
		sum(l_extendedprice * (1 - l_discount))
	from
		lineitem
	where
		l_shipdate >= '1993-03-01'
		and l_shipdate < date'1993-03-01' + interval '90 days'
	group by
		l_suppkey;
CREATE VIEW
EXPLAIN
select
	s_suppkey,
	s_name,
	s_address,
	s_phone,
	total_revenue
from
	supplier,
	revenue4
where
	s_suppkey = supplier_no
	and total_revenue = (
		select
			max(total_revenue)
		from
			revenue4
	)
order by
	s_suppkey;
                                                                       QUERY PLAN                                                                       
--------------------------------------------------------------------------------------------------------------------------------------------------------
 Merge Join  (cost=2356458.53..2361555.78 rows=3719 width=79)
   Merge Cond: (supplier.s_suppkey = revenue4.supplier_no)
   InitPlan 1 (returns $0)
     ->  Aggregate  (cost=1169745.38..1169745.39 rows=1 width=8)
           ->  HashAggregate  (cost=1169661.70..1169698.89 rows=3719 width=12)
                 ->  Bitmap Heap Scan on lineitem  (cost=47362.68..1147332.09 rows=2232961 width=12)
                       Recheck Cond: ((l_shipdate >= '1993-03-01'::date) AND (l_shipdate < '1993-05-30 00:00:00'::timestamp without time zone))
                       ->  Bitmap Index Scan on lineitem_l_shipdate_l_suppkey__idx  (cost=0.00..46804.44 rows=2232961 width=0)
                             Index Cond: ((l_shipdate >= '1993-03-01'::date) AND (l_shipdate < '1993-05-30 00:00:00'::timestamp without time zone))
   ->  Index Scan using pk_supplier on supplier  (cost=0.00..4791.46 rows=100000 width=71)
   ->  Sort  (cost=1186713.14..1186722.44 rows=3719 width=12)
         Sort Key: revenue4.supplier_no
         ->  Subquery Scan on revenue4  (cost=1186408.91..1186492.59 rows=3719 width=12)
               ->  HashAggregate  (cost=1186408.91..1186455.40 rows=3719 width=12)
                     Filter: (sum((public.lineitem.l_extendedprice * (1::double precision - public.lineitem.l_discount))) = $0)
                     ->  Bitmap Heap Scan on lineitem  (cost=47362.68..1147332.09 rows=2232961 width=12)
                           Recheck Cond: ((l_shipdate >= '1993-03-01'::date) AND (l_shipdate < '1993-05-30 00:00:00'::timestamp without time zone))
                           ->  Bitmap Index Scan on lineitem_l_shipdate_l_suppkey__idx  (cost=0.00..46804.44 rows=2232961 width=0)
                                 Index Cond: ((l_shipdate >= '1993-03-01'::date) AND (l_shipdate < '1993-05-30 00:00:00'::timestamp without time zone))
(19 rows)

drop view revenue4;
DROP VIEW
COMMIT;
COMMIT
